Jugador X, ingrese su jugada (1-9):
Celda ocupada, intente de nuevo. Jugada: 2
Jugador X, ingrese su jugada (1-9):
Celda ocupada, intente de nuevo. Jugada: 6
Jugador X, ingrese su jugada (1-9):
Celda ocupada, intente de nuevo. Jugada: 6
Jugador X, ingrese su jugada (1-9):
Celda ocupada, intente de nuevo. Jugada: 6
Jugador X, ingrese su jugada (1-9):
Celda ocupada, intente de nuevo. Jugada: 1
Jugador X, ingrese su jugada (1-9):
Celda ocupada, intente de nuevo. Jugada: 2
Jugador X, ingrese su jugada (1-9):
Celda ocupada, intente de nuevo. Jugada: 2
Jugador X, ingrese su jugada (1-9):
Celda ocupada, intente de nuevo. Jugada: 2
Jugador X, ingrese su jugada (1-9):
Celda ocupada, intente de nuevo. Jugada: 2
Jugador X, ingrese su jugada (1-9):
Jugada inválida, intente de nuevo. Jugada: 22
Jugador X, ingrese su jugada (1-9):
Jugador X, ingrese su jugada (1-9):
¡Jugador O gana!
¡Jugador X gana!
¡Jugador X gana!
¡Jugador X gana!
¡Jugador X gana!
¡Jugador X gana!
¡Jugador O gana!
¡Jugador 1 gana!
¡Jugador X gana!
¡Jugador O gana!
¡Jugador X gana!
¡Jugador O gana!
¡Jugador O gana!










¡Jugador O gana!
